22:23:59 **** Build of configuration Debug for project BusStops2 ****
make all 
Building file: ../src/BusStops2.cpp
Invoking: GCC C++ Compiler
g++ -O0 -g3 -Wall -c -fmessage-length=0 -MMD -MP -MF"src/BusStops2.d" -MT"src/BusStops2.o" -o "src/BusStops2.o" "../src/BusStops2.cpp"
In file included from /usr/include/c++/9/bits/stl_algobase.h:71,
                 from /usr/include/c++/9/bits/char_traits.h:39,
                 from /usr/include/c++/9/ios:40,
                 from /usr/include/c++/9/ostream:38,
                 from /usr/include/c++/9/iostream:39,
                 from ../src/BusStops2.cpp:9:
/usr/include/c++/9/bits/predefined_ops.h: In instantiation of ‘bool __gnu_cxx::__ops::_Iter_equals_val<_Value>::operator()(_Iterator) [with _Iterator = std::_Rb_tree_iterator<std::pair<const std::__cxx11::basic_string<char>, std::vector<std::__cxx11::basic_string<char> > > >; _Value = const std::__cxx11::basic_string<char>]’:
/usr/include/c++/9/bits/stl_algo.h:104:42:   required from ‘_InputIterator std::__find_if(_InputIterator, _InputIterator, _Predicate, std::input_iterator_tag) [with _InputIterator = std::_Rb_tree_iterator<std::pair<const std::__cxx11::basic_string<char>, std::vector<std::__cxx11::basic_string<char> > > >; _Predicate = __gnu_cxx::__ops::_Iter_equals_val<const std::__cxx11::basic_string<char> >]’
/usr/include/c++/9/bits/stl_algo.h:161:23:   required from ‘_Iterator std::__find_if(_Iterator, _Iterator, _Predicate) [with _Iterator = std::_Rb_tree_iterator<std::pair<const std::__cxx11::basic_string<char>, std::vector<std::__cxx11::basic_string<char> > > >; _Predicate = __gnu_cxx::__ops::_Iter_equals_val<const std::__cxx11::basic_string<char> >]’
/usr/include/c++/9/bits/stl_algo.h:3938:28:   required from ‘_IIter std::find(_IIter, _IIter, const _Tp&) [with _IIter = std::_Rb_tree_iterator<std::pair<const std::__cxx11::basic_string<char>, std::vector<std::__cxx11::basic_string<char> > > >; _Tp = std::__cxx11::basic_string<char>]’
../src/BusStops2.cpp:75:53:   required from here
/usr/include/c++/9/bits/predefined_ops.h:241:17: error: no match for ‘operator==’ (operand types are ‘std::pair<const std::__cxx11::basic_string<char>, std::vector<std::__cxx11::basic_string<char> > >’ and ‘const std::__cxx11::basic_string<char>’)
  241 |  { return *__it == _M_value; }
      |           ~~~~~~^~~~~~~~~~~
In file included from /usr/include/c++/9/bits/stl_algobase.h:67,
                 from /usr/include/c++/9/bits/char_traits.h:39,
                 from /usr/include/c++/9/ios:40,
                 from /usr/include/c++/9/ostream:38,
                 from /usr/include/c++/9/iostream:39,
                 from ../src/BusStops2.cpp:9:
/usr/include/c++/9/bits/stl_iterator.h:886:5: note: candidate: ‘template<class _IteratorL, class _IteratorR, class _Container> bool __gnu_cxx::operator==(const __gnu_cxx::__normal_iterator<_IteratorL, _Container>&, const __gnu_cxx::__normal_iterator<_IteratorR, _Container>&)’
  886 |     operator==(const __normal_iterator<_IteratorL, _Container>& __lhs,
      |     ^~~~~~~~
/usr/include/c++/9/bits/stl_iterator.h:886:5: note:   template argument deduction/substitution failed:
In file included from /usr/include/c++/9/bits/stl_algobase.h:71,
                 from /usr/include/c++/9/bits/char_traits.h:39,
                 from /usr/include/c++/9/ios:40,
                 from /usr/include/c++/9/ostream:38,
                 from /usr/include/c++/9/iostream:39,
                 from ../src/BusStops2.cpp:9:
/usr/include/c++/9/bits/predefined_ops.h:241:17: note:   ‘std::pair<const std::__cxx11::basic_string<char>, std::vector<std::__cxx11::basic_string<char> > >’ is not derived from ‘const __gnu_cxx::__normal_iterator<_IteratorL, _Container>’
  241 |  { return *__it == _M_value; }
      |           ~~~~~~^~~~~~~~~~~
In file included from /usr/include/c++/9/bits/stl_algobase.h:67,
                 from /usr/include/c++/9/bits/char_traits.h:39,
                 from /usr/include/c++/9/ios:40,
                 from /usr/include/c++/9/ostream:38,
                 from /usr/include/c++/9/iostream:39,
                 from ../src/BusStops2.cpp:9:
/usr/include/c++/9/bits/stl_iterator.h:893:5: note: candidate: ‘template<class _Iterator, class _Container> bool __gnu_cxx::operator==(const __gnu_cxx::__normal_iterator<_Iterator, _Container>&, const __gnu_cxx::__normal_iterator<_Iterator, _Container>&)’
  893 |     operator==(const __normal_iterator<_Iterator, _Container>& __lhs,
      |     ^~~~~~~~
/usr/include/c++/9/bits/stl_iterator.h:893:5: note:   template argument deduction/substitution failed:
In file included from /usr/include/c++/9/bits/stl_algobase.h:71,
                 from /usr/include/c++/9/bits/char_traits.h:39,
                 from /usr/include/c++/9/ios:40,
                 from /usr/include/c++/9/ostream:38,
                 from /usr/include/c++/9/iostream:39,
                 from ../src/BusStops2.cpp:9:
/usr/include/c++/9/bits/predefined_ops.h:241:17: note:   ‘std::pair<const std::__cxx11::basic_string<char>, std::vector<std::__cxx11::basic_string<char> > >’ is not derived from ‘const __gnu_cxx::__normal_iterator<_Iterator, _Container>’
  241 |  { return *__it == _M_value; }
      |           ~~~~~~^~~~~~~~~~~
In file included from /usr/include/c++/9/iosfwd:40,
                 from /usr/include/c++/9/ios:38,
                 from /usr/include/c++/9/ostream:38,
                 from /usr/include/c++/9/iostream:39,
                 from ../src/BusStops2.cpp:9:
/usr/include/c++/9/bits/postypes.h:222:5: note: candidate: ‘template<class _StateT> bool std::operator==(const std::fpos<_StateT>&, const std::fpos<_StateT>&)’
  222 |     operator==(const fpos<_StateT>& __lhs, const fpos<_StateT>& __rhs)
      |     ^~~~~~~~
/usr/include/c++/9/bits/postypes.h:222:5: note:   template argument deduction/substitution failed:
In file included from /usr/include/c++/9/bits/stl_algobase.h:71,
                 from /usr/include/c++/9/bits/char_traits.h:39,
                 from /usr/include/c++/9/ios:40,
                 from /usr/include/c++/9/ostream:38,
                 from /usr/include/c++/9/iostream:39,
                 from ../src/BusStops2.cpp:9:
/usr/include/c++/9/bits/predefined_ops.h:241:17: note:   ‘std::pair<const std::__cxx11::basic_string<char>, std::vector<std::__cxx11::basic_string<char> > >’ is not derived from ‘const std::fpos<_StateT>’
  241 |  { return *__it == _M_value; }
      |           ~~~~~~^~~~~~~~~~~
In file included from /usr/include/c++/9/bits/stl_algobase.h:64,
                 from /usr/include/c++/9/bits/char_traits.h:39,
                 from /usr/include/c++/9/ios:40,
                 from /usr/include/c++/9/ostream:38,
                 from /usr/include/c++/9/iostream:39,
                 from ../src/BusStops2.cpp:9:
/usr/include/c++/9/bits/stl_pair.h:448:5: note: candidate: ‘template<class _T1, class _T2> constexpr bool std::operator==(const std::pair<_T1, _T2>&, const std::pair<_T1, _T2>&)’
  448 |     operator==(const pair<_T1, _T2>& __x, const pair<_T1, _T2>& __y)
      |     ^~~~~~~~
/usr/include/c++/9/bits/stl_pair.h:448:5: note:   template argument deduction/substitution failed:
In file included from /usr/include/c++/9/bits/stl_algobase.h:71,
                 from /usr/include/c++/9/bits/char_traits.h:39,
                 from /usr/include/c++/9/ios:40,
                 from /usr/include/c++/9/ostream:38,
                 from /usr/include/c++/9/iostream:39,
                 from ../src/BusStops2.cpp:9:
/usr/include/c++/9/bits/predefined_ops.h:241:17: note:   ‘const std::__cxx11::basic_string<char>’ is not derived from ‘const std::pair<_T1, _T2>’
  241 |  { return *__it == _M_value; }
      |           ~~~~~~^~~~~~~~~~~
In file included from /usr/include/c++/9/bits/stl_algobase.h:67,
                 from /usr/include/c++/9/bits/char_traits.h:39,
                 from /usr/include/c++/9/ios:40,
                 from /usr/include/c++/9/ostream:38,
                 from /usr/include/c++/9/iostream:39,
                 from ../src/BusStops2.cpp:9:
/usr/include/c++/9/bits/stl_iterator.h:325:5: note: candidate: ‘template<class _Iterator> bool std::operator==(const std::reverse_iterator<_Iterator>&, const std::reverse_iterator<_Iterator>&)’
  325 |     operator==(const reverse_iterator<_Iterator>& __x,
      |     ^~~~~~~~
/usr/include/c++/9/bits/stl_iterator.h:325:5: note:   template argument deduction/substitution failed:
In file included from /usr/include/c++/9/bits/stl_algobase.h:71,
                 from /usr/include/c++/9/bits/char_traits.h:39,
                 from /usr/include/c++/9/ios:40,
                 from /usr/include/c++/9/ostream:38,
                 from /usr/include/c++/9/iostream:39,
                 from ../src/BusStops2.cpp:9:
/usr/include/c++/9/bits/predefined_ops.h:241:17: note:   ‘std::pair<const std::__cxx11::basic_string<char>, std::vector<std::__cxx11::basic_string<char> > >’ is not derived from ‘const std::reverse_iterator<_Iterator>’
  241 |  { return *__it == _M_value; }
      |           ~~~~~~^~~~~~~~~~~
In file included from /usr/include/c++/9/bits/stl_algobase.h:67,
                 from /usr/include/c++/9/bits/char_traits.h:39,
                 from /usr/include/c++/9/ios:40,
                 from /usr/include/c++/9/ostream:38,
                 from /usr/include/c++/9/iostream:39,
                 from ../src/BusStops2.cpp:9:
/usr/include/c++/9/bits/stl_iterator.h:363:5: note: candidate: ‘template<class _IteratorL, class _IteratorR> bool std::operator==(const std::reverse_iterator<_Iterator>&, const std::reverse_iterator<_IteratorR>&)’
  363 |     operator==(const reverse_iterator<_IteratorL>& __x,
      |     ^~~~~~~~
/usr/include/c++/9/bits/stl_iterator.h:363:5: note:   template argument deduction/substitution failed:
In file included from /usr/include/c++/9/bits/stl_algobase.h:71,
                 from /usr/include/c++/9/bits/char_traits.h:39,
                 from /usr/include/c++/9/ios:40,
                 from /usr/include/c++/9/ostream:38,
                 from /usr/include/c++/9/iostream:39,
                 from ../src/BusStops2.cpp:9:
/usr/include/c++/9/bits/predefined_ops.h:241:17: note:   ‘std::pair<const std::__cxx11::basic_string<char>, std::vector<std::__cxx11::basic_string<char> > >’ is not derived from ‘const std::reverse_iterator<_Iterator>’
  241 |  { return *__it == _M_value; }
      |           ~~~~~~^~~~~~~~~~~
In file included from /usr/include/c++/9/bits/stl_algobase.h:67,
                 from /usr/include/c++/9/bits/char_traits.h:39,
                 from /usr/include/c++/9/ios:40,
                 from /usr/include/c++/9/ostream:38,
                 from /usr/include/c++/9/iostream:39,
                 from ../src/BusStops2.cpp:9:
/usr/include/c++/9/bits/stl_iterator.h:1139:5: note: candidate: ‘template<class _IteratorL, class _IteratorR> bool std::operator==(const std::move_iterator<_IteratorL>&, const std::move_iterator<_IteratorR>&)’
 1139 |     operator==(const move_iterator<_IteratorL>& __x,
      |     ^~~~~~~~
/usr/include/c++/9/bits/stl_iterator.h:1139:5: note:   template argument deduction/substitution failed:
In file included from /usr/include/c++/9/bits/stl_algobase.h:71,
                 from /usr/include/c++/9/bits/char_traits.h:39,
                 from /usr/include/c++/9/ios:40,
                 from /usr/include/c++/9/ostream:38,
                 from /usr/include/c++/9/iostream:39,
                 from ../src/BusStops2.cpp:9:
/usr/include/c++/9/bits/predefined_ops.h:241:17: note:   ‘std::pair<const std::__cxx11::basic_string<char>, std::vector<std::__cxx11::basic_string<char> > >’ is not derived from ‘const std::move_iterator<_IteratorL>’
  241 |  { return *__it == _M_value; }
      |           ~~~~~~^~~~~~~~~~~
In file included from /usr/include/c++/9/bits/stl_algobase.h:67,
                 from /usr/include/c++/9/bits/char_traits.h:39,
                 from /usr/include/c++/9/ios:40,
                 from /usr/include/c++/9/ostream:38,
                 from /usr/include/c++/9/iostream:39,
                 from ../src/BusStops2.cpp:9:
/usr/include/c++/9/bits/stl_iterator.h:1145:5: note: candidate: ‘template<class _Iterator> bool std::operator==(const std::move_iterator<_IteratorL>&, const std::move_iterator<_IteratorL>&)’
 1145 |     operator==(const move_iterator<_Iterator>& __x,
      |     ^~~~~~~~
/usr/include/c++/9/bits/stl_iterator.h:1145:5: note:   template argument deduction/substitution failed:
In file included from /usr/include/c++/9/bits/stl_algobase.h:71,
                 from /usr/include/c++/9/bits/char_traits.h:39,
                 from /usr/include/c++/9/ios:40,
                 from /usr/include/c++/9/ostream:38,
                 from /usr/include/c++/9/iostream:39,
                 from ../src/BusStops2.cpp:9:
/usr/include/c++/9/bits/predefined_ops.h:241:17: note:   ‘std::pair<const std::__cxx11::basic_string<char>, std::vector<std::__cxx11::basic_string<char> > >’ is not derived from ‘const std::move_iterator<_IteratorL>’
  241 |  { return *__it == _M_value; }
      |           ~~~~~~^~~~~~~~~~~
In file included from /usr/include/c++/9/string:41,
                 from /usr/include/c++/9/bits/locale_classes.h:40,
                 from /usr/include/c++/9/bits/ios_base.h:41,
                 from /usr/include/c++/9/ios:42,
                 from /usr/include/c++/9/ostream:38,
                 from /usr/include/c++/9/iostream:39,
                 from ../src/BusStops2.cpp:9:
/usr/include/c++/9/bits/allocator.h:168:5: note: candidate: ‘template<class _T1, class _T2> bool std::operator==(const std::allocator<_CharT>&, const std::allocator<_T2>&)’
  168 |     operator==(const allocator<_T1>&, const allocator<_T2>&)
      |     ^~~~~~~~
/usr/include/c++/9/bits/allocator.h:168:5: note:   template argument deduction/substitution failed:
In file included from /usr/include/c++/9/bits/stl_algobase.h:71,
                 from /usr/include/c++/9/bits/char_traits.h:39,
                 from /usr/include/c++/9/ios:40,
                 from /usr/include/c++/9/ostream:38,
                 from /usr/include/c++/9/iostream:39,
                 from ../src/BusStops2.cpp:9:
/usr/include/c++/9/bits/predefined_ops.h:241:17: note:   ‘std::pair<const std::__cxx11::basic_string<char>, std::vector<std::__cxx11::basic_string<char> > >’ is not derived from ‘const std::allocator<_CharT>’
  241 |  { return *__it == _M_value; }
      |           ~~~~~~^~~~~~~~~~~
In file included from /usr/include/c++/9/string:55,
                 from /usr/include/c++/9/bits/locale_classes.h:40,
                 from /usr/include/c++/9/bits/ios_base.h:41,
                 from /usr/include/c++/9/ios:42,
                 from /usr/include/c++/9/ostream:38,
                 from /usr/include/c++/9/iostream:39,
                 from ../src/BusStops2.cpp:9:
/usr/include/c++/9/bits/basic_string.h:6141:5: note: candidate: ‘template<class _CharT, class _Traits, class _Alloc> bool std::operator==(const std::__cxx11::basic_string<_CharT, _Traits, _Alloc>&, const std::__cxx11::basic_string<_CharT, _Traits, _Alloc>&)’
 6141 |     operator==(const basic_string<_CharT, _Traits, _Alloc>& __lhs,
      |     ^~~~~~~~
/usr/include/c++/9/bits/basic_string.h:6141:5: note:   template argument deduction/substitution failed:
In file included from /usr/include/c++/9/bits/stl_algobase.h:71,
                 from /usr/include/c++/9/bits/char_traits.h:39,
                 from /usr/include/c++/9/ios:40,
                 from /usr/include/c++/9/ostream:38,
                 from /usr/include/c++/9/iostream:39,
                 from ../src/BusStops2.cpp:9:
/usr/include/c++/9/bits/predefined_ops.h:241:17: note:   ‘std::pair<const std::__cxx11::basic_string<char>, std::vector<std::__cxx11::basic_string<char> > >’ is not derived from ‘const std::__cxx11::basic_string<_CharT, _Traits, _Alloc>’
  241 |  { return *__it == _M_value; }
      |           ~~~~~~^~~~~~~~~~~
In file included from /usr/include/c++/9/string:55,
                 from /usr/include/c++/9/bits/locale_classes.h:40,
                 from /usr/include/c++/9/bits/ios_base.h:41,
                 from /usr/include/c++/9/ios:42,
                 from /usr/include/c++/9/ostream:38,
                 from /usr/include/c++/9/iostream:39,
                 from ../src/BusStops2.cpp:9:
/usr/include/c++/9/bits/basic_string.h:6149:5: note: candidate: ‘template<class _CharT> typename __gnu_cxx::__enable_if<std::__is_char<_Tp>::__value, bool>::__type std::operator==(const std::__cxx11::basic_string<_CharT>&, const std::__cxx11::basic_string<_CharT>&)’
 6149 |     operator==(const basic_string<_CharT>& __lhs,
      |     ^~~~~~~~
/usr/include/c++/9/bits/basic_string.h:6149:5: note:   template argument deduction/substitution failed:
In file included from /usr/include/c++/9/bits/stl_algobase.h:71,
                 from /usr/include/c++/9/bits/char_traits.h:39,
                 from /usr/include/c++/9/ios:40,
                 from /usr/include/c++/9/ostream:38,
                 from /usr/include/c++/9/iostream:39,
                 from ../src/BusStops2.cpp:9:
/usr/include/c++/9/bits/predefined_ops.h:241:17: note:   ‘std::pair<const std::__cxx11::basic_string<char>, std::vector<std::__cxx11::basic_string<char> > >’ is not derived from ‘const std::__cxx11::basic_string<_CharT>’
  241 |  { return *__it == _M_value; }
      |           ~~~~~~^~~~~~~~~~~
In file included from /usr/include/c++/9/string:55,
                 from /usr/include/c++/9/bits/locale_classes.h:40,
                 from /usr/include/c++/9/bits/ios_base.h:41,
                 from /usr/include/c++/9/ios:42,
                 from /usr/include/c++/9/ostream:38,
                 from /usr/include/c++/9/iostream:39,
                 from ../src/BusStops2.cpp:9:
/usr/include/c++/9/bits/basic_string.h:6163:5: note: candidate: ‘template<class _CharT, class _Traits, class _Alloc> bool std::operator==(const _CharT*, const std::__cxx11::basic_string<_CharT, _Traits, _Alloc>&)’
 6163 |     operator==(const _CharT* __lhs,
      |     ^~~~~~~~
/usr/include/c++/9/bits/basic_string.h:6163:5: note:   template argument deduction/substitution failed:
In file included from /usr/include/c++/9/bits/stl_algobase.h:71,
                 from /usr/include/c++/9/bits/char_traits.h:39,
                 from /usr/include/c++/9/ios:40,
                 from /usr/include/c++/9/ostream:38,
                 from /usr/include/c++/9/iostream:39,
                 from ../src/BusStops2.cpp:9:
/usr/include/c++/9/bits/predefined_ops.h:241:17: note:   mismatched types ‘const _CharT*’ and ‘std::pair<const std::__cxx11::basic_string<char>, std::vector<std::__cxx11::basic_string<char> > >’
  241 |  { return *__it == _M_value; }
      |           ~~~~~~^~~~~~~~~~~
In file included from /usr/include/c++/9/string:55,
                 from /usr/include/c++/9/bits/locale_classes.h:40,
                 from /usr/include/c++/9/bits/ios_base.h:41,
                 from /usr/include/c++/9/ios:42,
                 from /usr/include/c++/9/ostream:38,
                 from /usr/include/c++/9/iostream:39,
                 from ../src/BusStops2.cpp:9:
/usr/include/c++/9/bits/basic_string.h:6175:5: note: candidate: ‘template<class _CharT, class _Traits, class _Alloc> bool std::operator==(const std::__cxx11::basic_string<_CharT, _Traits, _Alloc>&, const _CharT*)’
 6175 |     operator==(const basic_string<_CharT, _Traits, _Alloc>& __lhs,
      |     ^~~~~~~~
/usr/include/c++/9/bits/basic_string.h:6175:5: note:   template argument deduction/substitution failed:
In file included from /usr/include/c++/9/bits/stl_algobase.h:71,
                 from /usr/include/c++/9/bits/char_traits.h:39,
                 from /usr/include/c++/9/ios:40,
                 from /usr/include/c++/9/ostream:38,
                 from /usr/include/c++/9/iostream:39,
                 from ../src/BusStops2.cpp:9:
/usr/include/c++/9/bits/predefined_ops.h:241:17: note:   ‘std::pair<const std::__cxx11::basic_string<char>, std::vector<std::__cxx11::basic_string<char> > >’ is not derived from ‘const std::__cxx11::basic_string<_CharT, _Traits, _Alloc>’
  241 |  { return *__it == _M_value; }
      |           ~~~~~~^~~~~~~~~~~
In file included from /usr/include/c++/9/bits/ios_base.h:46,
                 from /usr/include/c++/9/ios:42,
                 from /usr/include/c++/9/ostream:38,
                 from /usr/include/c++/9/iostream:39,
                 from ../src/BusStops2.cpp:9:
/usr/include/c++/9/system_error:292:3: note: candidate: ‘bool std::operator==(const std::error_code&, const std::error_code&)’
  292 |   operator==(const error_code& __lhs, const error_code& __rhs) noexcept
      |   ^~~~~~~~
/usr/include/c++/9/system_error:292:32: note:   no known conversion for argument 1 from ‘std::pair<const std::__cxx11::basic_string<char>, std::vector<std::__cxx11::basic_string<char> > >’ to ‘const std::error_code&’
  292 |   operator==(const error_code& __lhs, const error_code& __rhs) noexcept
      |              ~~~~~~~~~~~~~~~~~~^~~~~
/usr/include/c++/9/system_error:297:3: note: candidate: ‘bool std::operator==(const std::error_code&, const std::error_condition&)’
  297 |   operator==(const error_code& __lhs, const error_condition& __rhs) noexcept
      |   ^~~~~~~~
/usr/include/c++/9/system_error:297:32: note:   no known conversion for argument 1 from ‘std::pair<const std::__cxx11::basic_string<char>, std::vector<std::__cxx11::basic_string<char> > >’ to ‘const std::error_code&’
  297 |   operator==(const error_code& __lhs, const error_condition& __rhs) noexcept
      |              ~~~~~~~~~~~~~~~~~~^~~~~
/usr/include/c++/9/system_error:304:3: note: candidate: ‘bool std::operator==(const std::error_condition&, const std::error_code&)’
  304 |   operator==(const error_condition& __lhs, const error_code& __rhs) noexcept
      |   ^~~~~~~~
/usr/include/c++/9/system_error:304:37: note:   no known conversion for argument 1 from ‘std::pair<const std::__cxx11::basic_string<char>, std::vector<std::__cxx11::basic_string<char> > >’ to ‘const std::error_condition&’
  304 |   operator==(const error_condition& __lhs, const error_code& __rhs) noexcept
      |              ~~~~~~~~~~~~~~~~~~~~~~~^~~~~
/usr/include/c++/9/system_error:311:3: note: candidate: ‘bool std::operator==(const std::error_condition&, const std::error_condition&)’
  311 |   operator==(const error_condition& __lhs,
      |   ^~~~~~~~
/usr/include/c++/9/system_error:311:37: note:   no known conversion for argument 1 from ‘std::pair<const std::__cxx11::basic_string<char>, std::vector<std::__cxx11::basic_string<char> > >’ to ‘const std::error_condition&’
  311 |   operator==(const error_condition& __lhs,
      |              ~~~~~~~~~~~~~~~~~~~~~~~^~~~~
In file included from /usr/include/c++/9/bits/locale_facets.h:48,
                 from /usr/include/c++/9/bits/basic_ios.h:37,
                 from /usr/include/c++/9/ios:44,
                 from /usr/include/c++/9/ostream:38,
                 from /usr/include/c++/9/iostream:39,
                 from ../src/BusStops2.cpp:9:
/usr/include/c++/9/bits/streambuf_iterator.h:208:5: note: candidate: ‘template<class _CharT, class _Traits> bool std::operator==(const std::istreambuf_iterator<_CharT, _Traits>&, const std::istreambuf_iterator<_CharT, _Traits>&)’
  208 |     operator==(const istreambuf_iterator<_CharT, _Traits>& __a,
      |     ^~~~~~~~
/usr/include/c++/9/bits/streambuf_iterator.h:208:5: note:   template argument deduction/substitution failed:
In file included from /usr/include/c++/9/bits/stl_algobase.h:71,
                 from /usr/include/c++/9/bits/char_traits.h:39,
                 from /usr/include/c++/9/ios:40,
                 from /usr/include/c++/9/ostream:38,
                 from /usr/include/c++/9/iostream:39,
                 from ../src/BusStops2.cpp:9:
/usr/include/c++/9/bits/predefined_ops.h:241:17: note:   ‘std::pair<const std::__cxx11::basic_string<char>, std::vector<std::__cxx11::basic_string<char> > >’ is not derived from ‘const std::istreambuf_iterator<_CharT, _Traits>’
  241 |  { return *__it == _M_value; }
      |           ~~~~~~^~~~~~~~~~~
In file included from /usr/include/c++/9/vector:67,
                 from ../src/BusStops2.cpp:10:
/usr/include/c++/9/bits/stl_vector.h:1888:5: note: candidate: ‘template<class _Tp, class _Alloc> bool std::operator==(const std::vector<_Tp, _Alloc>&, const std::vector<_Tp, _Alloc>&)’
 1888 |     operator==(const vector<_Tp, _Alloc>& __x, const vector<_Tp, _Alloc>& __y)
      |     ^~~~~~~~
/usr/include/c++/9/bits/stl_vector.h:1888:5: note:   template argument deduction/substitution failed:
In file included from /usr/include/c++/9/bits/stl_algobase.h:71,
                 from /usr/include/c++/9/bits/char_traits.h:39,
                 from /usr/include/c++/9/ios:40,
                 from /usr/include/c++/9/ostream:38,
                 from /usr/include/c++/9/iostream:39,
                 from ../src/BusStops2.cpp:9:
/usr/include/c++/9/bits/predefined_ops.h:241:17: note:   ‘std::pair<const std::__cxx11::basic_string<char>, std::vector<std::__cxx11::basic_string<char> > >’ is not derived from ‘const std::vector<_Tp, _Alloc>’
  241 |  { return *__it == _M_value; }
      |           ~~~~~~^~~~~~~~~~~
In file included from /usr/include/c++/9/tuple:39,
                 from /usr/include/c++/9/bits/stl_map.h:63,
                 from /usr/include/c++/9/map:61,
                 from ../src/BusStops2.cpp:12:
/usr/include/c++/9/array:252:5: note: candidate: ‘template<class _Tp, long unsigned int _Nm> bool std::operator==(const std::array<_Tp, _Nm>&, const std::array<_Tp, _Nm>&)’
  252 |     operator==(const array<_Tp, _Nm>& __one, const array<_Tp, _Nm>& __two)
      |     ^~~~~~~~
/usr/include/c++/9/array:252:5: note:   template argument deduction/substitution failed:
In file included from /usr/include/c++/9/bits/stl_algobase.h:71,
                 from /usr/include/c++/9/bits/char_traits.h:39,
                 from /usr/include/c++/9/ios:40,
                 from /usr/include/c++/9/ostream:38,
                 from /usr/include/c++/9/iostream:39,
                 from ../src/BusStops2.cpp:9:
/usr/include/c++/9/bits/predefined_ops.h:241:17: note:   ‘std::pair<const std::__cxx11::basic_string<char>, std::vector<std::__cxx11::basic_string<char> > >’ is not derived from ‘const std::array<_Tp, _Nm>’
  241 |  { return *__it == _M_value; }
      |           ~~~~~~^~~~~~~~~~~
In file included from /usr/include/c++/9/bits/stl_map.h:63,
                 from /usr/include/c++/9/map:61,
                 from ../src/BusStops2.cpp:12:
/usr/include/c++/9/tuple:1419:5: note: candidate: ‘template<class ... _TElements, class ... _UElements> constexpr bool std::operator==(const std::tuple<_Tps ...>&, const std::tuple<_Args2 ...>&)’
 1419 |     operator==(const tuple<_TElements...>& __t,
      |     ^~~~~~~~
/usr/include/c++/9/tuple:1419:5: note:   template argument deduction/substitution failed:
In file included from /usr/include/c++/9/bits/stl_algobase.h:71,
                 from /usr/include/c++/9/bits/char_traits.h:39,
                 from /usr/include/c++/9/ios:40,
                 from /usr/include/c++/9/ostream:38,
                 from /usr/include/c++/9/iostream:39,
                 from ../src/BusStops2.cpp:9:
/usr/include/c++/9/bits/predefined_ops.h:241:17: note:   ‘std::pair<const std::__cxx11::basic_string<char>, std::vector<std::__cxx11::basic_string<char> > >’ is not derived from ‘const std::tuple<_Tps ...>’
  241 |  { return *__it == _M_value; }
      |           ~~~~~~^~~~~~~~~~~
In file included from /usr/include/c++/9/map:61,
                 from ../src/BusStops2.cpp:12:
/usr/include/c++/9/bits/stl_map.h:1455:5: note: candidate: ‘template<class _Key, class _Tp, class _Compare, class _Alloc> bool std::operator==(const std::map<_Key, _Tp, _Compare, _Alloc>&, const std::map<_Key, _Tp, _Compare, _Alloc>&)’
 1455 |     operator==(const map<_Key, _Tp, _Compare, _Alloc>& __x,
      |     ^~~~~~~~
/usr/include/c++/9/bits/stl_map.h:1455:5: note:   template argument deduction/substitution failed:
In file included from /usr/include/c++/9/bits/stl_algobase.h:71,
                 from /usr/include/c++/9/bits/char_traits.h:39,
                 from /usr/include/c++/9/ios:40,
                 from /usr/include/c++/9/ostream:38,
                 from /usr/include/c++/9/iostream:39,
                 from ../src/BusStops2.cpp:9:
/usr/include/c++/9/bits/predefined_ops.h:241:17: note:   ‘std::pair<const std::__cxx11::basic_string<char>, std::vector<std::__cxx11::basic_string<char> > >’ is not derived from ‘const std::map<_Key, _Tp, _Compare, _Alloc>’
  241 |  { return *__it == _M_value; }
      |           ~~~~~~^~~~~~~~~~~
In file included from /usr/include/c++/9/map:62,
                 from ../src/BusStops2.cpp:12:
/usr/include/c++/9/bits/stl_multimap.h:1119:5: note: candidate: ‘template<class _Key, class _Tp, class _Compare, class _Alloc> bool std::operator==(const std::multimap<_Key, _Tp, _Compare, _Alloc>&, const std::multimap<_Key, _Tp, _Compare, _Alloc>&)’
 1119 |     operator==(const multimap<_Key, _Tp, _Compare, _Alloc>& __x,
      |     ^~~~~~~~
/usr/include/c++/9/bits/stl_multimap.h:1119:5: note:   template argument deduction/substitution failed:
In file included from /usr/include/c++/9/bits/stl_algobase.h:71,
                 from /usr/include/c++/9/bits/char_traits.h:39,
                 from /usr/include/c++/9/ios:40,
                 from /usr/include/c++/9/ostream:38,
                 from /usr/include/c++/9/iostream:39,
                 from ../src/BusStops2.cpp:9:
/usr/include/c++/9/bits/predefined_ops.h:241:17: note:   ‘std::pair<const std::__cxx11::basic_string<char>, std::vector<std::__cxx11::basic_string<char> > >’ is not derived from ‘const std::multimap<_Key, _Tp, _Compare, _Alloc>’
  241 |  { return *__it == _M_value; }
      |           ~~~~~~^~~~~~~~~~~
In file included from /usr/include/c++/9/string:41,
                 from /usr/include/c++/9/bits/locale_classes.h:40,
                 from /usr/include/c++/9/bits/ios_base.h:41,
                 from /usr/include/c++/9/ios:42,
                 from /usr/include/c++/9/ostream:38,
                 from /usr/include/c++/9/iostream:39,
                 from ../src/BusStops2.cpp:9:
/usr/include/c++/9/bits/allocator.h:156:7: note: candidate: ‘bool std::operator==(const std::allocator<char>&, const std::allocator<char>&)’
  156 |       operator==(const allocator&, const allocator&) _GLIBCXX_NOTHROW
      |       ^~~~~~~~
/usr/include/c++/9/bits/allocator.h:156:18: note:   no known conversion for argument 1 from ‘std::pair<const std::__cxx11::basic_string<char>, std::vector<std::__cxx11::basic_string<char> > >’ to ‘const std::allocator<char>&’
  156 |       operator==(const allocator&, const allocator&) _GLIBCXX_NOTHROW
      |                  ^~~~~~~~~~~~~~~~
In file included from /usr/include/x86_64-linux-gnu/c++/9/bits/c++allocator.h:33,
                 from /usr/include/c++/9/bits/allocator.h:46,
                 from /usr/include/c++/9/string:41,
                 from /usr/include/c++/9/bits/locale_classes.h:40,
                 from /usr/include/c++/9/bits/ios_base.h:41,
                 from /usr/include/c++/9/ios:42,
                 from /usr/include/c++/9/ostream:38,
                 from /usr/include/c++/9/iostream:39,
                 from ../src/BusStops2.cpp:9:
/usr/include/c++/9/ext/new_allocator.h:167:2: note: candidate: ‘template<class _Up> bool __gnu_cxx::operator==(const __gnu_cxx::new_allocator<char>&, const __gnu_cxx::new_allocator<_Tp>&)’
  167 |  operator==(const new_allocator&, const new_allocator<_Up>&)
      |  ^~~~~~~~
/usr/include/c++/9/ext/new_allocator.h:167:2: note:   template argument deduction/substitution failed:
In file included from /usr/include/c++/9/bits/stl_algobase.h:71,
                 from /usr/include/c++/9/bits/char_traits.h:39,
                 from /usr/include/c++/9/ios:40,
                 from /usr/include/c++/9/ostream:38,
                 from /usr/include/c++/9/iostream:39,
                 from ../src/BusStops2.cpp:9:
/usr/include/c++/9/bits/predefined_ops.h:241:17: note:   ‘const std::__cxx11::basic_string<char>’ is not derived from ‘const __gnu_cxx::new_allocator<_Tp>’
  241 |  { return *__it == _M_value; }
      |           ~~~~~~^~~~~~~~~~~
In file included from /usr/include/c++/9/string:41,
                 from /usr/include/c++/9/bits/locale_classes.h:40,
                 from /usr/include/c++/9/bits/ios_base.h:41,
                 from /usr/include/c++/9/ios:42,
                 from /usr/include/c++/9/ostream:38,
                 from /usr/include/c++/9/iostream:39,
                 from ../src/BusStops2.cpp:9:
/usr/include/c++/9/bits/allocator.h:156:7: note: candidate: ‘bool std::operator==(const std::allocator<std::__cxx11::basic_string<char> >&, const std::allocator<std::__cxx11::basic_string<char> >&)’
  156 |       operator==(const allocator&, const allocator&) _GLIBCXX_NOTHROW
      |       ^~~~~~~~
/usr/include/c++/9/bits/allocator.h:156:18: note:   no known conversion for argument 1 from ‘std::pair<const std::__cxx11::basic_string<char>, std::vector<std::__cxx11::basic_string<char> > >’ to ‘const std::allocator<std::__cxx11::basic_string<char> >&’
  156 |       operator==(const allocator&, const allocator&) _GLIBCXX_NOTHROW
      |                  ^~~~~~~~~~~~~~~~
In file included from /usr/include/x86_64-linux-gnu/c++/9/bits/c++allocator.h:33,
                 from /usr/include/c++/9/bits/allocator.h:46,
                 from /usr/include/c++/9/string:41,
                 from /usr/include/c++/9/bits/locale_classes.h:40,
                 from /usr/include/c++/9/bits/ios_base.h:41,
                 from /usr/include/c++/9/ios:42,
                 from /usr/include/c++/9/ostream:38,
                 from /usr/include/c++/9/iostream:39,
                 from ../src/BusStops2.cpp:9:
/usr/include/c++/9/ext/new_allocator.h:167:2: note: candidate: ‘template<class _Up> bool __gnu_cxx::operator==(const __gnu_cxx::new_allocator<std::__cxx11::basic_string<char> >&, const __gnu_cxx::new_allocator<_Tp>&)’
  167 |  operator==(const new_allocator&, const new_allocator<_Up>&)
      |  ^~~~~~~~
/usr/include/c++/9/ext/new_allocator.h:167:2: note:   template argument deduction/substitution failed:
In file included from /usr/include/c++/9/bits/stl_algobase.h:71,
                 from /usr/include/c++/9/bits/char_traits.h:39,
                 from /usr/include/c++/9/ios:40,
                 from /usr/include/c++/9/ostream:38,
                 from /usr/include/c++/9/iostream:39,
                 from ../src/BusStops2.cpp:9:
/usr/include/c++/9/bits/predefined_ops.h:241:17: note:   ‘const std::__cxx11::basic_string<char>’ is not derived from ‘const __gnu_cxx::new_allocator<_Tp>’
  241 |  { return *__it == _M_value; }
      |           ~~~~~~^~~~~~~~~~~
make: *** [src/subdir.mk:20: src/BusStops2.o] Error 1
"make all" terminated with exit code 2. Build might be incomplete.
22:29:22 **** Incremental Build of configuration Debug for project BusStops2 ****
make all 
Building file: ../src/BusStops2.cpp
Invoking: GCC C++ Compiler
g++ -O0 -g3 -Wall -c -fmessage-length=0 -MMD -MP -MF"src/BusStops2.d" -MT"src/BusStops2.o" -o "src/BusStops2.o" "../src/BusStops2.cpp"
In file included from /usr/include/c++/9/bits/stl_algobase.h:71,
                 from /usr/include/c++/9/bits/char_traits.h:39,
                 from /usr/include/c++/9/ios:40,
                 from /usr/include/c++/9/ostream:38,
                 from /usr/include/c++/9/iostream:39,
                 from ../src/BusStops2.cpp:9:
/usr/include/c++/9/bits/predefined_ops.h: In instantiation of ‘bool __gnu_cxx::__ops::_Iter_equals_val<_Value>::operator()(_Iterator) [with _Iterator = std::_Rb_tree_iterator<std::pair<const std::__cxx11::basic_string<char>, std::vector<std::__cxx11::basic_string<char> > > >; _Value = const std::__cxx11::basic_string<char>]’:
/usr/include/c++/9/bits/stl_algo.h:104:42:   required from ‘_InputIterator std::__find_if(_InputIterator, _InputIterator, _Predicate, std::input_iterator_tag) [with _InputIterator = std::_Rb_tree_iterator<std::pair<const std::__cxx11::basic_string<char>, std::vector<std::__cxx11::basic_string<char> > > >; _Predicate = __gnu_cxx::__ops::_Iter_equals_val<const std::__cxx11::basic_string<char> >]’
/usr/include/c++/9/bits/stl_algo.h:161:23:   required from ‘_Iterator std::__find_if(_Iterator, _Iterator, _Predicate) [with _Iterator = std::_Rb_tree_iterator<std::pair<const std::__cxx11::basic_string<char>, std::vector<std::__cxx11::basic_string<char> > > >; _Predicate = __gnu_cxx::__ops::_Iter_equals_val<const std::__cxx11::basic_string<char> >]’
/usr/include/c++/9/bits/stl_algo.h:3938:28:   required from ‘_IIter std::find(_IIter, _IIter, const _Tp&) [with _IIter = std::_Rb_tree_iterator<std::pair<const std::__cxx11::basic_string<char>, std::vector<std::__cxx11::basic_string<char> > > >; _Tp = std::__cxx11::basic_string<char>]’
../src/BusStops2.cpp:75:53:   required from here
/usr/include/c++/9/bits/predefined_ops.h:241:17: error: no match for ‘operator==’ (operand types are ‘std::pair<const std::__cxx11::basic_string<char>, std::vector<std::__cxx11::basic_string<char> > >’ and ‘const std::__cxx11::basic_string<char>’)
  241 |  { return *__it == _M_value; }
      |           ~~~~~~^~~~~~~~~~~
In file included from /usr/include/c++/9/bits/stl_algobase.h:67,
                 from /usr/include/c++/9/bits/char_traits.h:39,
                 from /usr/include/c++/9/ios:40,
                 from /usr/include/c++/9/ostream:38,
                 from /usr/include/c++/9/iostream:39,
                 from ../src/BusStops2.cpp:9:
/usr/include/c++/9/bits/stl_iterator.h:886:5: note: candidate: ‘template<class _IteratorL, class _IteratorR, class _Container> bool __gnu_cxx::operator==(const __gnu_cxx::__normal_iterator<_IteratorL, _Container>&, const __gnu_cxx::__normal_iterator<_IteratorR, _Container>&)’
  886 |     operator==(const __normal_iterator<_IteratorL, _Container>& __lhs,
      |     ^~~~~~~~
/usr/include/c++/9/bits/stl_iterator.h:886:5: note:   template argument deduction/substitution failed:
In file included from /usr/include/c++/9/bits/stl_algobase.h:71,
                 from /usr/include/c++/9/bits/char_traits.h:39,
                 from /usr/include/c++/9/ios:40,
                 from /usr/include/c++/9/ostream:38,
                 from /usr/include/c++/9/iostream:39,
                 from ../src/BusStops2.cpp:9:
/usr/include/c++/9/bits/predefined_ops.h:241:17: note:   ‘std::pair<const std::__cxx11::basic_string<char>, std::vector<std::__cxx11::basic_string<char> > >’ is not derived from ‘const __gnu_cxx::__normal_iterator<_IteratorL, _Container>’
  241 |  { return *__it == _M_value; }
      |           ~~~~~~^~~~~~~~~~~
In file included from /usr/include/c++/9/bits/stl_algobase.h:67,
                 from /usr/include/c++/9/bits/char_traits.h:39,
                 from /usr/include/c++/9/ios:40,
                 from /usr/include/c++/9/ostream:38,
                 from /usr/include/c++/9/iostream:39,
                 from ../src/BusStops2.cpp:9:
/usr/include/c++/9/bits/stl_iterator.h:893:5: note: candidate: ‘template<class _Iterator, class _Container> bool __gnu_cxx::operator==(const __gnu_cxx::__normal_iterator<_Iterator, _Container>&, const __gnu_cxx::__normal_iterator<_Iterator, _Container>&)’
  893 |     operator==(const __normal_iterator<_Iterator, _Container>& __lhs,
      |     ^~~~~~~~
/usr/include/c++/9/bits/stl_iterator.h:893:5: note:   template argument deduction/substitution failed:
In file included from /usr/include/c++/9/bits/stl_algobase.h:71,
                 from /usr/include/c++/9/bits/char_traits.h:39,
                 from /usr/include/c++/9/ios:40,
                 from /usr/include/c++/9/ostream:38,
                 from /usr/include/c++/9/iostream:39,
                 from ../src/BusStops2.cpp:9:
/usr/include/c++/9/bits/predefined_ops.h:241:17: note:   ‘std::pair<const std::__cxx11::basic_string<char>, std::vector<std::__cxx11::basic_string<char> > >’ is not derived from ‘const __gnu_cxx::__normal_iterator<_Iterator, _Container>’
  241 |  { return *__it == _M_value; }
      |           ~~~~~~^~~~~~~~~~~
In file included from /usr/include/c++/9/iosfwd:40,
                 from /usr/include/c++/9/ios:38,
                 from /usr/include/c++/9/ostream:38,
                 from /usr/include/c++/9/iostream:39,
                 from ../src/BusStops2.cpp:9:
/usr/include/c++/9/bits/postypes.h:222:5: note: candidate: ‘template<class _StateT> bool std::operator==(const std::fpos<_StateT>&, const std::fpos<_StateT>&)’
  222 |     operator==(const fpos<_StateT>& __lhs, const fpos<_StateT>& __rhs)
      |     ^~~~~~~~
/usr/include/c++/9/bits/postypes.h:222:5: note:   template argument deduction/substitution failed:
In file included from /usr/include/c++/9/bits/stl_algobase.h:71,
                 from /usr/include/c++/9/bits/char_traits.h:39,
                 from /usr/include/c++/9/ios:40,
                 from /usr/include/c++/9/ostream:38,
                 from /usr/include/c++/9/iostream:39,
                 from ../src/BusStops2.cpp:9:
/usr/include/c++/9/bits/predefined_ops.h:241:17: note:   ‘std::pair<const std::__cxx11::basic_string<char>, std::vector<std::__cxx11::basic_string<char> > >’ is not derived from ‘const std::fpos<_StateT>’
  241 |  { return *__it == _M_value; }
      |           ~~~~~~^~~~~~~~~~~
In file included from /usr/include/c++/9/bits/stl_algobase.h:64,
                 from /usr/include/c++/9/bits/char_traits.h:39,
                 from /usr/include/c++/9/ios:40,
                 from /usr/include/c++/9/ostream:38,
                 from /usr/include/c++/9/iostream:39,
                 from ../src/BusStops2.cpp:9:
/usr/include/c++/9/bits/stl_pair.h:448:5: note: candidate: ‘template<class _T1, class _T2> constexpr bool std::operator==(const std::pair<_T1, _T2>&, const std::pair<_T1, _T2>&)’
  448 |     operator==(const pair<_T1, _T2>& __x, const pair<_T1, _T2>& __y)
      |     ^~~~~~~~
/usr/include/c++/9/bits/stl_pair.h:448:5: note:   template argument deduction/substitution failed:
In file included from /usr/include/c++/9/bits/stl_algobase.h:71,
                 from /usr/include/c++/9/bits/char_traits.h:39,
                 from /usr/include/c++/9/ios:40,
                 from /usr/include/c++/9/ostream:38,
                 from /usr/include/c++/9/iostream:39,
                 from ../src/BusStops2.cpp:9:
/usr/include/c++/9/bits/predefined_ops.h:241:17: note:   ‘const std::__cxx11::basic_string<char>’ is not derived from ‘const std::pair<_T1, _T2>’
  241 |  { return *__it == _M_value; }
      |           ~~~~~~^~~~~~~~~~~
In file included from /usr/include/c++/9/bits/stl_algobase.h:67,
                 from /usr/include/c++/9/bits/char_traits.h:39,
                 from /usr/include/c++/9/ios:40,
                 from /usr/include/c++/9/ostream:38,
                 from /usr/include/c++/9/iostream:39,
                 from ../src/BusStops2.cpp:9:
/usr/include/c++/9/bits/stl_iterator.h:325:5: note: candidate: ‘template<class _Iterator> bool std::operator==(const std::reverse_iterator<_Iterator>&, const std::reverse_iterator<_Iterator>&)’
  325 |     operator==(const reverse_iterator<_Iterator>& __x,
      |     ^~~~~~~~
/usr/include/c++/9/bits/stl_iterator.h:325:5: note:   template argument deduction/substitution failed:
In file included from /usr/include/c++/9/bits/stl_algobase.h:71,
                 from /usr/include/c++/9/bits/char_traits.h:39,
                 from /usr/include/c++/9/ios:40,
                 from /usr/include/c++/9/ostream:38,
                 from /usr/include/c++/9/iostream:39,
                 from ../src/BusStops2.cpp:9:
/usr/include/c++/9/bits/predefined_ops.h:241:17: note:   ‘std::pair<const std::__cxx11::basic_string<char>, std::vector<std::__cxx11::basic_string<char> > >’ is not derived from ‘const std::reverse_iterator<_Iterator>’
  241 |  { return *__it == _M_value; }
      |           ~~~~~~^~~~~~~~~~~
In file included from /usr/include/c++/9/bits/stl_algobase.h:67,
                 from /usr/include/c++/9/bits/char_traits.h:39,
                 from /usr/include/c++/9/ios:40,
                 from /usr/include/c++/9/ostream:38,
                 from /usr/include/c++/9/iostream:39,
                 from ../src/BusStops2.cpp:9:
/usr/include/c++/9/bits/stl_iterator.h:363:5: note: candidate: ‘template<class _IteratorL, class _IteratorR> bool std::operator==(const std::reverse_iterator<_Iterator>&, const std::reverse_iterator<_IteratorR>&)’
  363 |     operator==(const reverse_iterator<_IteratorL>& __x,
      |     ^~~~~~~~
/usr/include/c++/9/bits/stl_iterator.h:363:5: note:   template argument deduction/substitution failed:
In file included from /usr/include/c++/9/bits/stl_algobase.h:71,
                 from /usr/include/c++/9/bits/char_traits.h:39,
                 from /usr/include/c++/9/ios:40,
                 from /usr/include/c++/9/ostream:38,
                 from /usr/include/c++/9/iostream:39,
                 from ../src/BusStops2.cpp:9:
/usr/include/c++/9/bits/predefined_ops.h:241:17: note:   ‘std::pair<const std::__cxx11::basic_string<char>, std::vector<std::__cxx11::basic_string<char> > >’ is not derived from ‘const std::reverse_iterator<_Iterator>’
  241 |  { return *__it == _M_value; }
      |           ~~~~~~^~~~~~~~~~~
In file included from /usr/include/c++/9/bits/stl_algobase.h:67,
                 from /usr/include/c++/9/bits/char_traits.h:39,
                 from /usr/include/c++/9/ios:40,
                 from /usr/include/c++/9/ostream:38,
                 from /usr/include/c++/9/iostream:39,
                 from ../src/BusStops2.cpp:9:
/usr/include/c++/9/bits/stl_iterator.h:1139:5: note: candidate: ‘template<class _IteratorL, class _IteratorR> bool std::operator==(const std::move_iterator<_IteratorL>&, const std::move_iterator<_IteratorR>&)’
 1139 |     operator==(const move_iterator<_IteratorL>& __x,
      |     ^~~~~~~~
/usr/include/c++/9/bits/stl_iterator.h:1139:5: note:   template argument deduction/substitution failed:
In file included from /usr/include/c++/9/bits/stl_algobase.h:71,
                 from /usr/include/c++/9/bits/char_traits.h:39,
                 from /usr/include/c++/9/ios:40,
                 from /usr/include/c++/9/ostream:38,
                 from /usr/include/c++/9/iostream:39,
                 from ../src/BusStops2.cpp:9:
/usr/include/c++/9/bits/predefined_ops.h:241:17: note:   ‘std::pair<const std::__cxx11::basic_string<char>, std::vector<std::__cxx11::basic_string<char> > >’ is not derived from ‘const std::move_iterator<_IteratorL>’
  241 |  { return *__it == _M_value; }
      |           ~~~~~~^~~~~~~~~~~
In file included from /usr/include/c++/9/bits/stl_algobase.h:67,
                 from /usr/include/c++/9/bits/char_traits.h:39,
                 from /usr/include/c++/9/ios:40,
                 from /usr/include/c++/9/ostream:38,
                 from /usr/include/c++/9/iostream:39,
                 from ../src/BusStops2.cpp:9:
/usr/include/c++/9/bits/stl_iterator.h:1145:5: note: candidate: ‘template<class _Iterator> bool std::operator==(const std::move_iterator<_IteratorL>&, const std::move_iterator<_IteratorL>&)’
 1145 |     operator==(const move_iterator<_Iterator>& __x,
      |     ^~~~~~~~
/usr/include/c++/9/bits/stl_iterator.h:1145:5: note:   template argument deduction/substitution failed:
In file included from /usr/include/c++/9/bits/stl_algobase.h:71,
                 from /usr/include/c++/9/bits/char_traits.h:39,
                 from /usr/include/c++/9/ios:40,
                 from /usr/include/c++/9/ostream:38,
                 from /usr/include/c++/9/iostream:39,
                 from ../src/BusStops2.cpp:9:
/usr/include/c++/9/bits/predefined_ops.h:241:17: note:   ‘std::pair<const std::__cxx11::basic_string<char>, std::vector<std::__cxx11::basic_string<char> > >’ is not derived from ‘const std::move_iterator<_IteratorL>’
  241 |  { return *__it == _M_value; }
      |           ~~~~~~^~~~~~~~~~~
In file included from /usr/include/c++/9/string:41,
                 from /usr/include/c++/9/bits/locale_classes.h:40,
                 from /usr/include/c++/9/bits/ios_base.h:41,
                 from /usr/include/c++/9/ios:42,
                 from /usr/include/c++/9/ostream:38,
                 from /usr/include/c++/9/iostream:39,
                 from ../src/BusStops2.cpp:9:
/usr/include/c++/9/bits/allocator.h:168:5: note: candidate: ‘template<class _T1, class _T2> bool std::operator==(const std::allocator<_CharT>&, const std::allocator<_T2>&)’
  168 |     operator==(const allocator<_T1>&, const allocator<_T2>&)
      |     ^~~~~~~~
/usr/include/c++/9/bits/allocator.h:168:5: note:   template argument deduction/substitution failed:
In file included from /usr/include/c++/9/bits/stl_algobase.h:71,
                 from /usr/include/c++/9/bits/char_traits.h:39,
                 from /usr/include/c++/9/ios:40,
                 from /usr/include/c++/9/ostream:38,
                 from /usr/include/c++/9/iostream:39,
                 from ../src/BusStops2.cpp:9:
/usr/include/c++/9/bits/predefined_ops.h:241:17: note:   ‘std::pair<const std::__cxx11::basic_string<char>, std::vector<std::__cxx11::basic_string<char> > >’ is not derived from ‘const std::allocator<_CharT>’
  241 |  { return *__it == _M_value; }
      |           ~~~~~~^~~~~~~~~~~
In file included from /usr/include/c++/9/string:55,
                 from /usr/include/c++/9/bits/locale_classes.h:40,
                 from /usr/include/c++/9/bits/ios_base.h:41,
                 from /usr/include/c++/9/ios:42,
                 from /usr/include/c++/9/ostream:38,
                 from /usr/include/c++/9/iostream:39,
                 from ../src/BusStops2.cpp:9:
/usr/include/c++/9/bits/basic_string.h:6141:5: note: candidate: ‘template<class _CharT, class _Traits, class _Alloc> bool std::operator==(const std::__cxx11::basic_string<_CharT, _Traits, _Alloc>&, const std::__cxx11::basic_string<_CharT, _Traits, _Alloc>&)’
 6141 |     operator==(const basic_string<_CharT, _Traits, _Alloc>& __lhs,
      |     ^~~~~~~~
/usr/include/c++/9/bits/basic_string.h:6141:5: note:   template argument deduction/substitution failed:
In file included from /usr/include/c++/9/bits/stl_algobase.h:71,
                 from /usr/include/c++/9/bits/char_traits.h:39,
                 from /usr/include/c++/9/ios:40,
                 from /usr/include/c++/9/ostream:38,
                 from /usr/include/c++/9/iostream:39,
                 from ../src/BusStops2.cpp:9:
/usr/include/c++/9/bits/predefined_ops.h:241:17: note:   ‘std::pair<const std::__cxx11::basic_string<char>, std::vector<std::__cxx11::basic_string<char> > >’ is not derived from ‘const std::__cxx11::basic_string<_CharT, _Traits, _Alloc>’
  241 |  { return *__it == _M_value; }
      |           ~~~~~~^~~~~~~~~~~
In file included from /usr/include/c++/9/string:55,
                 from /usr/include/c++/9/bits/locale_classes.h:40,
                 from /usr/include/c++/9/bits/ios_base.h:41,
                 from /usr/include/c++/9/ios:42,
                 from /usr/include/c++/9/ostream:38,
                 from /usr/include/c++/9/iostream:39,
                 from ../src/BusStops2.cpp:9:
/usr/include/c++/9/bits/basic_string.h:6149:5: note: candidate: ‘template<class _CharT> typename __gnu_cxx::__enable_if<std::__is_char<_Tp>::__value, bool>::__type std::operator==(const std::__cxx11::basic_string<_CharT>&, const std::__cxx11::basic_string<_CharT>&)’
 6149 |     operator==(const basic_string<_CharT>& __lhs,
      |     ^~~~~~~~
/usr/include/c++/9/bits/basic_string.h:6149:5: note:   template argument deduction/substitution failed:
In file included from /usr/include/c++/9/bits/stl_algobase.h:71,
                 from /usr/include/c++/9/bits/char_traits.h:39,
                 from /usr/include/c++/9/ios:40,
                 from /usr/include/c++/9/ostream:38,
                 from /usr/include/c++/9/iostream:39,
                 from ../src/BusStops2.cpp:9:
/usr/include/c++/9/bits/predefined_ops.h:241:17: note:   ‘std::pair<const std::__cxx11::basic_string<char>, std::vector<std::__cxx11::basic_string<char> > >’ is not derived from ‘const std::__cxx11::basic_string<_CharT>’
  241 |  { return *__it == _M_value; }
      |           ~~~~~~^~~~~~~~~~~
In file included from /usr/include/c++/9/string:55,
                 from /usr/include/c++/9/bits/locale_classes.h:40,
                 from /usr/include/c++/9/bits/ios_base.h:41,
                 from /usr/include/c++/9/ios:42,
                 from /usr/include/c++/9/ostream:38,
                 from /usr/include/c++/9/iostream:39,
                 from ../src/BusStops2.cpp:9:
/usr/include/c++/9/bits/basic_string.h:6163:5: note: candidate: ‘template<class _CharT, class _Traits, class _Alloc> bool std::operator==(const _CharT*, const std::__cxx11::basic_string<_CharT, _Traits, _Alloc>&)’
 6163 |     operator==(const _CharT* __lhs,
      |     ^~~~~~~~
/usr/include/c++/9/bits/basic_string.h:6163:5: note:   template argument deduction/substitution failed:
In file included from /usr/include/c++/9/bits/stl_algobase.h:71,
                 from /usr/include/c++/9/bits/char_traits.h:39,
                 from /usr/include/c++/9/ios:40,
                 from /usr/include/c++/9/ostream:38,
                 from /usr/include/c++/9/iostream:39,
                 from ../src/BusStops2.cpp:9:
/usr/include/c++/9/bits/predefined_ops.h:241:17: note:   mismatched types ‘const _CharT*’ and ‘std::pair<const std::__cxx11::basic_string<char>, std::vector<std::__cxx11::basic_string<char> > >’
  241 |  { return *__it == _M_value; }
      |           ~~~~~~^~~~~~~~~~~
In file included from /usr/include/c++/9/string:55,
                 from /usr/include/c++/9/bits/locale_classes.h:40,
                 from /usr/include/c++/9/bits/ios_base.h:41,
                 from /usr/include/c++/9/ios:42,
                 from /usr/include/c++/9/ostream:38,
                 from /usr/include/c++/9/iostream:39,
                 from ../src/BusStops2.cpp:9:
/usr/include/c++/9/bits/basic_string.h:6175:5: note: candidate: ‘template<class _CharT, class _Traits, class _Alloc> bool std::operator==(const std::__cxx11::basic_string<_CharT, _Traits, _Alloc>&, const _CharT*)’
 6175 |     operator==(const basic_string<_CharT, _Traits, _Alloc>& __lhs,
      |     ^~~~~~~~
/usr/include/c++/9/bits/basic_string.h:6175:5: note:   template argument deduction/substitution failed:
In file included from /usr/include/c++/9/bits/stl_algobase.h:71,
                 from /usr/include/c++/9/bits/char_traits.h:39,
                 from /usr/include/c++/9/ios:40,
                 from /usr/include/c++/9/ostream:38,
                 from /usr/include/c++/9/iostream:39,
                 from ../src/BusStops2.cpp:9:
/usr/include/c++/9/bits/predefined_ops.h:241:17: note:   ‘std::pair<const std::__cxx11::basic_string<char>, std::vector<std::__cxx11::basic_string<char> > >’ is not derived from ‘const std::__cxx11::basic_string<_CharT, _Traits, _Alloc>’
  241 |  { return *__it == _M_value; }
      |           ~~~~~~^~~~~~~~~~~
In file included from /usr/include/c++/9/bits/ios_base.h:46,
                 from /usr/include/c++/9/ios:42,
                 from /usr/include/c++/9/ostream:38,
                 from /usr/include/c++/9/iostream:39,
                 from ../src/BusStops2.cpp:9:
/usr/include/c++/9/system_error:292:3: note: candidate: ‘bool std::operator==(const std::error_code&, const std::error_code&)’
  292 |   operator==(const error_code& __lhs, const error_code& __rhs) noexcept
      |   ^~~~~~~~
/usr/include/c++/9/system_error:292:32: note:   no known conversion for argument 1 from ‘std::pair<const std::__cxx11::basic_string<char>, std::vector<std::__cxx11::basic_string<char> > >’ to ‘const std::error_code&’
  292 |   operator==(const error_code& __lhs, const error_code& __rhs) noexcept
      |              ~~~~~~~~~~~~~~~~~~^~~~~
/usr/include/c++/9/system_error:297:3: note: candidate: ‘bool std::operator==(const std::error_code&, const std::error_condition&)’
  297 |   operator==(const error_code& __lhs, const error_condition& __rhs) noexcept
      |   ^~~~~~~~
/usr/include/c++/9/system_error:297:32: note:   no known conversion for argument 1 from ‘std::pair<const std::__cxx11::basic_string<char>, std::vector<std::__cxx11::basic_string<char> > >’ to ‘const std::error_code&’
  297 |   operator==(const error_code& __lhs, const error_condition& __rhs) noexcept
      |              ~~~~~~~~~~~~~~~~~~^~~~~
/usr/include/c++/9/system_error:304:3: note: candidate: ‘bool std::operator==(const std::error_condition&, const std::error_code&)’
  304 |   operator==(const error_condition& __lhs, const error_code& __rhs) noexcept
      |   ^~~~~~~~
/usr/include/c++/9/system_error:304:37: note:   no known conversion for argument 1 from ‘std::pair<const std::__cxx11::basic_string<char>, std::vector<std::__cxx11::basic_string<char> > >’ to ‘const std::error_condition&’
  304 |   operator==(const error_condition& __lhs, const error_code& __rhs) noexcept
      |              ~~~~~~~~~~~~~~~~~~~~~~~^~~~~
/usr/include/c++/9/system_error:311:3: note: candidate: ‘bool std::operator==(const std::error_condition&, const std::error_condition&)’
  311 |   operator==(const error_condition& __lhs,
      |   ^~~~~~~~
/usr/include/c++/9/system_error:311:37: note:   no known conversion for argument 1 from ‘std::pair<const std::__cxx11::basic_string<char>, std::vector<std::__cxx11::basic_string<char> > >’ to ‘const std::error_condition&’
  311 |   operator==(const error_condition& __lhs,
      |              ~~~~~~~~~~~~~~~~~~~~~~~^~~~~
In file included from /usr/include/c++/9/bits/locale_facets.h:48,
                 from /usr/include/c++/9/bits/basic_ios.h:37,
                 from /usr/include/c++/9/ios:44,
                 from /usr/include/c++/9/ostream:38,
                 from /usr/include/c++/9/iostream:39,
                 from ../src/BusStops2.cpp:9:
/usr/include/c++/9/bits/streambuf_iterator.h:208:5: note: candidate: ‘template<class _CharT, class _Traits> bool std::operator==(const std::istreambuf_iterator<_CharT, _Traits>&, const std::istreambuf_iterator<_CharT, _Traits>&)’
  208 |     operator==(const istreambuf_iterator<_CharT, _Traits>& __a,
      |     ^~~~~~~~
/usr/include/c++/9/bits/streambuf_iterator.h:208:5: note:   template argument deduction/substitution failed:
In file included from /usr/include/c++/9/bits/stl_algobase.h:71,
                 from /usr/include/c++/9/bits/char_traits.h:39,
                 from /usr/include/c++/9/ios:40,
                 from /usr/include/c++/9/ostream:38,
                 from /usr/include/c++/9/iostream:39,
                 from ../src/BusStops2.cpp:9:
/usr/include/c++/9/bits/predefined_ops.h:241:17: note:   ‘std::pair<const std::__cxx11::basic_string<char>, std::vector<std::__cxx11::basic_string<char> > >’ is not derived from ‘const std::istreambuf_iterator<_CharT, _Traits>’
  241 |  { return *__it == _M_value; }
      |           ~~~~~~^~~~~~~~~~~
In file included from /usr/include/c++/9/vector:67,
                 from ../src/BusStops2.cpp:10:
/usr/include/c++/9/bits/stl_vector.h:1888:5: note: candidate: ‘template<class _Tp, class _Alloc> bool std::operator==(const std::vector<_Tp, _Alloc>&, const std::vector<_Tp, _Alloc>&)’
 1888 |     operator==(const vector<_Tp, _Alloc>& __x, const vector<_Tp, _Alloc>& __y)
      |     ^~~~~~~~
/usr/include/c++/9/bits/stl_vector.h:1888:5: note:   template argument deduction/substitution failed:
In file included from /usr/include/c++/9/bits/stl_algobase.h:71,
                 from /usr/include/c++/9/bits/char_traits.h:39,
                 from /usr/include/c++/9/ios:40,
                 from /usr/include/c++/9/ostream:38,
                 from /usr/include/c++/9/iostream:39,
                 from ../src/BusStops2.cpp:9:
/usr/include/c++/9/bits/predefined_ops.h:241:17: note:   ‘std::pair<const std::__cxx11::basic_string<char>, std::vector<std::__cxx11::basic_string<char> > >’ is not derived from ‘const std::vector<_Tp, _Alloc>’
  241 |  { return *__it == _M_value; }
      |           ~~~~~~^~~~~~~~~~~
In file included from /usr/include/c++/9/tuple:39,
                 from /usr/include/c++/9/bits/stl_map.h:63,
                 from /usr/include/c++/9/map:61,
                 from ../src/BusStops2.cpp:12:
/usr/include/c++/9/array:252:5: note: candidate: ‘template<class _Tp, long unsigned int _Nm> bool std::operator==(const std::array<_Tp, _Nm>&, const std::array<_Tp, _Nm>&)’
  252 |     operator==(const array<_Tp, _Nm>& __one, const array<_Tp, _Nm>& __two)
      |     ^~~~~~~~
/usr/include/c++/9/array:252:5: note:   template argument deduction/substitution failed:
In file included from /usr/include/c++/9/bits/stl_algobase.h:71,
                 from /usr/include/c++/9/bits/char_traits.h:39,
                 from /usr/include/c++/9/ios:40,
                 from /usr/include/c++/9/ostream:38,
                 from /usr/include/c++/9/iostream:39,
                 from ../src/BusStops2.cpp:9:
/usr/include/c++/9/bits/predefined_ops.h:241:17: note:   ‘std::pair<const std::__cxx11::basic_string<char>, std::vector<std::__cxx11::basic_string<char> > >’ is not derived from ‘const std::array<_Tp, _Nm>’
  241 |  { return *__it == _M_value; }
      |           ~~~~~~^~~~~~~~~~~
In file included from /usr/include/c++/9/bits/stl_map.h:63,
                 from /usr/include/c++/9/map:61,
                 from ../src/BusStops2.cpp:12:
/usr/include/c++/9/tuple:1419:5: note: candidate: ‘template<class ... _TElements, class ... _UElements> constexpr bool std::operator==(const std::tuple<_Tps ...>&, const std::tuple<_Args2 ...>&)’
 1419 |     operator==(const tuple<_TElements...>& __t,
      |     ^~~~~~~~
/usr/include/c++/9/tuple:1419:5: note:   template argument deduction/substitution failed:
In file included from /usr/include/c++/9/bits/stl_algobase.h:71,
                 from /usr/include/c++/9/bits/char_traits.h:39,
                 from /usr/include/c++/9/ios:40,
                 from /usr/include/c++/9/ostream:38,
                 from /usr/include/c++/9/iostream:39,
                 from ../src/BusStops2.cpp:9:
/usr/include/c++/9/bits/predefined_ops.h:241:17: note:   ‘std::pair<const std::__cxx11::basic_string<char>, std::vector<std::__cxx11::basic_string<char> > >’ is not derived from ‘const std::tuple<_Tps ...>’
  241 |  { return *__it == _M_value; }
      |           ~~~~~~^~~~~~~~~~~
In file included from /usr/include/c++/9/map:61,
                 from ../src/BusStops2.cpp:12:
/usr/include/c++/9/bits/stl_map.h:1455:5: note: candidate: ‘template<class _Key, class _Tp, class _Compare, class _Alloc> bool std::operator==(const std::map<_Key, _Tp, _Compare, _Alloc>&, const std::map<_Key, _Tp, _Compare, _Alloc>&)’
 1455 |     operator==(const map<_Key, _Tp, _Compare, _Alloc>& __x,
      |     ^~~~~~~~
/usr/include/c++/9/bits/stl_map.h:1455:5: note:   template argument deduction/substitution failed:
In file included from /usr/include/c++/9/bits/stl_algobase.h:71,
                 from /usr/include/c++/9/bits/char_traits.h:39,
                 from /usr/include/c++/9/ios:40,
                 from /usr/include/c++/9/ostream:38,
                 from /usr/include/c++/9/iostream:39,
                 from ../src/BusStops2.cpp:9:
/usr/include/c++/9/bits/predefined_ops.h:241:17: note:   ‘std::pair<const std::__cxx11::basic_string<char>, std::vector<std::__cxx11::basic_string<char> > >’ is not derived from ‘const std::map<_Key, _Tp, _Compare, _Alloc>’
  241 |  { return *__it == _M_value; }
      |           ~~~~~~^~~~~~~~~~~
In file included from /usr/include/c++/9/map:62,
                 from ../src/BusStops2.cpp:12:
/usr/include/c++/9/bits/stl_multimap.h:1119:5: note: candidate: ‘template<class _Key, class _Tp, class _Compare, class _Alloc> bool std::operator==(const std::multimap<_Key, _Tp, _Compare, _Alloc>&, const std::multimap<_Key, _Tp, _Compare, _Alloc>&)’
 1119 |     operator==(const multimap<_Key, _Tp, _Compare, _Alloc>& __x,
      |     ^~~~~~~~
/usr/include/c++/9/bits/stl_multimap.h:1119:5: note:   template argument deduction/substitution failed:
In file included from /usr/include/c++/9/bits/stl_algobase.h:71,
                 from /usr/include/c++/9/bits/char_traits.h:39,
                 from /usr/include/c++/9/ios:40,
                 from /usr/include/c++/9/ostream:38,
                 from /usr/include/c++/9/iostream:39,
                 from ../src/BusStops2.cpp:9:
/usr/include/c++/9/bits/predefined_ops.h:241:17: note:   ‘std::pair<const std::__cxx11::basic_string<char>, std::vector<std::__cxx11::basic_string<char> > >’ is not derived from ‘const std::multimap<_Key, _Tp, _Compare, _Alloc>’
  241 |  { return *__it == _M_value; }
      |           ~~~~~~^~~~~~~~~~~
In file included from /usr/include/c++/9/string:41,
                 from /usr/include/c++/9/bits/locale_classes.h:40,
                 from /usr/include/c++/9/bits/ios_base.h:41,
                 from /usr/include/c++/9/ios:42,
                 from /usr/include/c++/9/ostream:38,
                 from /usr/include/c++/9/iostream:39,
                 from ../src/BusStops2.cpp:9:
/usr/include/c++/9/bits/allocator.h:156:7: note: candidate: ‘bool std::operator==(const std::allocator<char>&, const std::allocator<char>&)’
  156 |       operator==(const allocator&, const allocator&) _GLIBCXX_NOTHROW
      |       ^~~~~~~~
/usr/include/c++/9/bits/allocator.h:156:18: note:   no known conversion for argument 1 from ‘std::pair<const std::__cxx11::basic_string<char>, std::vector<std::__cxx11::basic_string<char> > >’ to ‘const std::allocator<char>&’
  156 |       operator==(const allocator&, const allocator&) _GLIBCXX_NOTHROW
      |                  ^~~~~~~~~~~~~~~~
In file included from /usr/include/x86_64-linux-gnu/c++/9/bits/c++allocator.h:33,
                 from /usr/include/c++/9/bits/allocator.h:46,
                 from /usr/include/c++/9/string:41,
                 from /usr/include/c++/9/bits/locale_classes.h:40,
                 from /usr/include/c++/9/bits/ios_base.h:41,
                 from /usr/include/c++/9/ios:42,
                 from /usr/include/c++/9/ostream:38,
                 from /usr/include/c++/9/iostream:39,
                 from ../src/BusStops2.cpp:9:
/usr/include/c++/9/ext/new_allocator.h:167:2: note: candidate: ‘template<class _Up> bool __gnu_cxx::operator==(const __gnu_cxx::new_allocator<char>&, const __gnu_cxx::new_allocator<_Tp>&)’
  167 |  operator==(const new_allocator&, const new_allocator<_Up>&)
      |  ^~~~~~~~
/usr/include/c++/9/ext/new_allocator.h:167:2: note:   template argument deduction/substitution failed:
In file included from /usr/include/c++/9/bits/stl_algobase.h:71,
                 from /usr/include/c++/9/bits/char_traits.h:39,
                 from /usr/include/c++/9/ios:40,
                 from /usr/include/c++/9/ostream:38,
                 from /usr/include/c++/9/iostream:39,
                 from ../src/BusStops2.cpp:9:
/usr/include/c++/9/bits/predefined_ops.h:241:17: note:   ‘const std::__cxx11::basic_string<char>’ is not derived from ‘const __gnu_cxx::new_allocator<_Tp>’
  241 |  { return *__it == _M_value; }
      |           ~~~~~~^~~~~~~~~~~
In file included from /usr/include/c++/9/string:41,
                 from /usr/include/c++/9/bits/locale_classes.h:40,
                 from /usr/include/c++/9/bits/ios_base.h:41,
                 from /usr/include/c++/9/ios:42,
                 from /usr/include/c++/9/ostream:38,
                 from /usr/include/c++/9/iostream:39,
                 from ../src/BusStops2.cpp:9:
/usr/include/c++/9/bits/allocator.h:156:7: note: candidate: ‘bool std::operator==(const std::allocator<std::__cxx11::basic_string<char> >&, const std::allocator<std::__cxx11::basic_string<char> >&)’
  156 |       operator==(const allocator&, const allocator&) _GLIBCXX_NOTHROW
      |       ^~~~~~~~
/usr/include/c++/9/bits/allocator.h:156:18: note:   no known conversion for argument 1 from ‘std::pair<const std::__cxx11::basic_string<char>, std::vector<std::__cxx11::basic_string<char> > >’ to ‘const std::allocator<std::__cxx11::basic_string<char> >&’
  156 |       operator==(const allocator&, const allocator&) _GLIBCXX_NOTHROW
      |                  ^~~~~~~~~~~~~~~~
In file included from /usr/include/x86_64-linux-gnu/c++/9/bits/c++allocator.h:33,
                 from /usr/include/c++/9/bits/allocator.h:46,
                 from /usr/include/c++/9/string:41,
                 from /usr/include/c++/9/bits/locale_classes.h:40,
                 from /usr/include/c++/9/bits/ios_base.h:41,
                 from /usr/include/c++/9/ios:42,
                 from /usr/include/c++/9/ostream:38,
                 from /usr/include/c++/9/iostream:39,
                 from ../src/BusStops2.cpp:9:
/usr/include/c++/9/ext/new_allocator.h:167:2: note: candidate: ‘template<class _Up> bool __gnu_cxx::operator==(const __gnu_cxx::new_allocator<std::__cxx11::basic_string<char> >&, const __gnu_cxx::new_allocator<_Tp>&)’
  167 |  operator==(const new_allocator&, const new_allocator<_Up>&)
      |  ^~~~~~~~
/usr/include/c++/9/ext/new_allocator.h:167:2: note:   template argument deduction/substitution failed:
In file included from /usr/include/c++/9/bits/stl_algobase.h:71,
                 from /usr/include/c++/9/bits/char_traits.h:39,
                 from /usr/include/c++/9/ios:40,
                 from /usr/include/c++/9/ostream:38,
                 from /usr/include/c++/9/iostream:39,
                 from ../src/BusStops2.cpp:9:
/usr/include/c++/9/bits/predefined_ops.h:241:17: note:   ‘const std::__cxx11::basic_string<char>’ is not derived from ‘const __gnu_cxx::new_allocator<_Tp>’
  241 |  { return *__it == _M_value; }
      |           ~~~~~~^~~~~~~~~~~
make: *** [src/subdir.mk:20: src/BusStops2.o] Error 1
"make all" terminated with exit code 2. Build might be incomplete.
22:31:39 **** Incremental Build of configuration Debug for project BusStops2 ****
make all 
Building file: ../src/BusStops2.cpp
Invoking: GCC C++ Compiler
g++ -O0 -g3 -Wall -c -fmessage-length=0 -MMD -MP -MF"src/BusStops2.d" -MT"src/BusStops2.o" -o "src/BusStops2.o" "../src/BusStops2.cpp"
../src/BusStops2.cpp: In function ‘int main()’:
../src/BusStops2.cpp:48:20: warning: ‘Q’ is used uninitialized in this function [-Wuninitialized]
   48 |  for (int i = 0; i < Q; i++) {
      |                  ~~^~~
Finished building: ../src/BusStops2.cpp
 
Building target: BusStops2
Invoking: GCC C++ Linker
g++  -o "BusStops2"  ./src/BusStops2.o   
Finished building target: BusStops2
 
22:32:00 **** Incremental Build of configuration Debug for project BusStops2 ****
make all 
Building file: ../src/BusStops2.cpp
Invoking: GCC C++ Compiler
g++ -O0 -g3 -Wall -c -fmessage-length=0 -MMD -MP -MF"src/BusStops2.d" -MT"src/BusStops2.o" -o "src/BusStops2.o" "../src/BusStops2.cpp"
Finished building: ../src/BusStops2.cpp
 
Building target: BusStops2
Invoking: GCC C++ Linker
g++  -o "BusStops2"  ./src/BusStops2.o   
Finished building target: BusStops2
 
22:32:09 **** Incremental Build of configuration Debug for project BusStops2 ****
make all 
make: Nothing to be done for 'all'.
22:34:06 **** Incremental Build of configuration Debug for project BusStops2 ****
make all 
make: Nothing to be done for 'all'.
22:39:26 **** Incremental Build of configuration Debug for project BusStops2 ****
make all 
Building file: ../src/BusStops2.cpp
Invoking: GCC C++ Compiler
g++ -O0 -g3 -Wall -c -fmessage-length=0 -MMD -MP -MF"src/BusStops2.d" -MT"src/BusStops2.o" -o "src/BusStops2.o" "../src/BusStops2.cpp"
Finished building: ../src/BusStops2.cpp
 
Building target: BusStops2
Invoking: GCC C++ Linker
g++  -o "BusStops2"  ./src/BusStops2.o   
Finished building target: BusStops2
 
22:39:33 **** Incremental Build of configuration Debug for project BusStops2 ****
make all 
make: Nothing to be done for 'all'.
22:39:45 **** Incremental Build of configuration Debug for project BusStops2 ****
make all 
make: Nothing to be done for 'all'.
22:40:23 **** Incremental Build of configuration Debug for project BusStops2 ****
make all 
make: Nothing to be done for 'all'.
22:41:40 **** Incremental Build of configuration Debug for project BusStops2 ****
make all 
Building file: ../src/BusStops2.cpp
Invoking: GCC C++ Compiler
g++ -O0 -g3 -Wall -c -fmessage-length=0 -MMD -MP -MF"src/BusStops2.d" -MT"src/BusStops2.o" -o "src/BusStops2.o" "../src/BusStops2.cpp"
Finished building: ../src/BusStops2.cpp
 
Building target: BusStops2
Invoking: GCC C++ Linker
g++  -o "BusStops2"  ./src/BusStops2.o   
Finished building target: BusStops2
 
22:42:48 **** Incremental Build of configuration Debug for project BusStops2 ****
make all 
Building file: ../src/BusStops2.cpp
Invoking: GCC C++ Compiler
g++ -O0 -g3 -Wall -c -fmessage-length=0 -MMD -MP -MF"src/BusStops2.d" -MT"src/BusStops2.o" -o "src/BusStops2.o" "../src/BusStops2.cpp"
Finished building: ../src/BusStops2.cpp
 
Building target: BusStops2
Invoking: GCC C++ Linker
g++  -o "BusStops2"  ./src/BusStops2.o   
Finished building target: BusStops2
 
22:42:57 **** Incremental Build of configuration Debug for project BusStops2 ****
make all 
make: Nothing to be done for 'all'.
22:47:53 **** Incremental Build of configuration Debug for project BusStops2 ****
make all 
Building file: ../src/BusStops2.cpp
Invoking: GCC C++ Compiler
g++ -O0 -g3 -Wall -c -fmessage-length=0 -MMD -MP -MF"src/BusStops2.d" -MT"src/BusStops2.o" -o "src/BusStops2.o" "../src/BusStops2.cpp"
Finished building: ../src/BusStops2.cpp
 
Building target: BusStops2
Invoking: GCC C++ Linker
g++  -o "BusStops2"  ./src/BusStops2.o   
Finished building target: BusStops2
 
22:48:00 **** Incremental Build of configuration Debug for project BusStops2 ****
make all 
make: Nothing to be done for 'all'.
22:53:28 **** Incremental Build of configuration Debug for project BusStops2 ****
make all 
Building file: ../src/BusStops2.cpp
Invoking: GCC C++ Compiler
g++ -O0 -g3 -Wall -c -fmessage-length=0 -MMD -MP -MF"src/BusStops2.d" -MT"src/BusStops2.o" -o "src/BusStops2.o" "../src/BusStops2.cpp"
Finished building: ../src/BusStops2.cpp
 
Building target: BusStops2
Invoking: GCC C++ Linker
g++  -o "BusStops2"  ./src/BusStops2.o   
Finished building target: BusStops2
 
22:53:42 **** Incremental Build of configuration Debug for project BusStops2 ****
make all 
make: Nothing to be done for 'all'.
